<?xml version="1.0" encoding="utf-8"?>
<TestRun id="7277df41-b1b2-46c2-b903-c183c4d81174" name="@cf7fcf0400db 2025-07-13 14:57:41" xmlns="http://microsoft.com/schemas/VisualStudio/TeamTest/2010">
  <Times creation="2025-07-13T14:57:41.3890747+00:00" queuing="2025-07-13T14:57:41.3890748+00:00" start="2025-07-13T14:57:40.2028760+00:00" finish="2025-07-13T14:57:41.3952978+00:00" />
  <TestSettings name="default" id="eab165d1-09f8-4fa9-b2ff-425adbdd7a29">
    <Deployment runDeploymentRoot="_cf7fcf0400db_2025-07-13_14_57_41" />
  </TestSettings>
  <Results>
    <UnitTestResult executionId="67fe7de9-6306-4a90-967a-04a9f5ad45b1" testId="23c24238-ee0c-74b9-ff59-7b99dfa0c17b" testName="FullChatFlowTest" computerName="cf7fcf0400db" duration="00:00:00.5556770" startTime="2025-07-13T14:57:40.6703997+00:00" endTime="2025-07-13T14:57:41.2489231+00:00" testType="13cdc9d9-ddb5-4fa4-a97d-d965ccfc6d4b" outcome="Failed" testListId="8c84fa94-04c1-424b-9868-57a2d4851a1d" relativeResultsDirectory="67fe7de9-6306-4a90-967a-04a9f5ad45b1">
      <Output>
        <ErrorInfo>
          <Message>Initialization method TeamsTestProject.Tests.ChatTest.Setup threw exception. Microsoft.Playwright.TargetClosedException: Target page, context or browser has been closed
Browser logs:

╔════════════════════════════════════════════════════════════════════════════════════════════════╗
║ Looks like you launched a headed browser without having a XServer running.                     ║
║ Set either 'headless: true' or use 'xvfb-run &lt;your-playwright-app&gt;' before running Playwright. ║
║                                                                                                ║
║ &lt;3 Playwright Team                                                                             ║
╚════════════════════════════════════════════════════════════════════════════════════════════════╝
Call log:
  - &lt;launching&gt; /root/.cache/ms-playwright/chromium-1179/chrome-linux/chrome --disable-field-trial-config --disable-background-networking --disable-background-timer-throttling --disable-backgrounding-occluded-windows --disable-back-forward-cache --disable-breakpad --disable-client-side-phishing-detection --disable-component-extensions-with-background-pages --disable-component-update --no-default-browser-check --disable-default-apps --disable-dev-shm-usage --disable-extensions --disable-features=AcceptCHFrame,AutoExpandDetailsElement,AvoidUnnecessaryBeforeUnloadCheckSync,CertificateTransparencyComponentUpdater,DestroyProfileOnBrowserClose,DialMediaRouteProvider,ExtensionManifestV2Disabled,GlobalMediaControls,HttpsUpgrades,ImprovedCookieControls,LazyFrameLoading,LensOverlay,MediaRouter,PaintHolding,ThirdPartyStoragePartitioning,Translate --allow-pre-commit-input --disable-hang-monitor --disable-ipc-flooding-protection --disable-popup-blocking --disable-prompt-on-repost --disable-renderer-backgrounding --force-color-profile=srgb --metrics-recording-only --no-first-run --password-store=basic --use-mock-keychain --no-service-autorun --export-tagged-pdf --disable-search-engine-choice-screen --unsafely-disable-devtools-self-xss-warnings --enable-automation --no-sandbox --user-data-dir=/tmp/playwright_chromiumdev_profile-uESpP3 --remote-debugging-pipe --no-startup-window
  - &lt;launched&gt; pid=104
  - [pid=104][err] [104:133:0713/145741.210151:ERROR:dbus/bus.cc:408] Failed to connect to the bus: Failed to connect to socket /run/dbus/system_bus_socket: No such file or directory
  - [pid=104][err] [104:104:0713/145741.211880:ERROR:ui/ozone/platform/x11/ozone_platform_x11.cc:249] Missing X server or $DISPLAY
  - [pid=104][err] [104:104:0713/145741.211918:ERROR:ui/aura/env.cc:257] The platform failed to initialize.  Exiting..
TestCleanup method TeamsTestProject.Tests.ChatTest.Teardown threw exception. System.NullReferenceException: Object reference not set to an instance of an object..</Message>
          <StackTrace>    at Microsoft.Playwright.Transport.Connection.InnerSendMessageToServerAsync[T](ChannelOwner object, String method, Dictionary`2 dictionary, Boolean keepNulls) in /_/src/Playwright/Transport/Connection.cs:line 201
   at Microsoft.Playwright.Transport.Connection.WrapApiCallAsync[T](Func`1 action, Boolean isInternal, String title) in /_/src/Playwright/Transport/Connection.cs:line 499
   at Microsoft.Playwright.Core.BrowserType.LaunchAsync(BrowserTypeLaunchOptions options) in /_/src/Playwright/Core/BrowserType.cs:line 56
   at TeamsTestProject.Base.BaseTest.Setup() in /app/Base/BaseTest.cs:line 20

TestCleanup Stack Trace
   at TeamsTestProject.Base.BaseTest.Teardown() in /app/Base/BaseTest.cs:line 59
</StackTrace>
        </ErrorInfo>
      </Output>
    </UnitTestResult>
    <UnitTestResult executionId="e4240d42-ea4d-4fe0-8457-0467841a5f6f" testId="8b7de8ff-32ad-ded6-3f0c-ae2ca0b04a6a" testName="LoginToTeamsTest" computerName="cf7fcf0400db" duration="00:00:00.5556186" startTime="2025-07-13T14:57:40.6704126+00:00" endTime="2025-07-13T14:57:41.2489231+00:00" testType="13cdc9d9-ddb5-4fa4-a97d-d965ccfc6d4b" outcome="Failed" testListId="8c84fa94-04c1-424b-9868-57a2d4851a1d" relativeResultsDirectory="e4240d42-ea4d-4fe0-8457-0467841a5f6f">
      <Output>
        <ErrorInfo>
          <Message>Initialization method TeamsTestProject.Tests.LoginTest.Setup threw exception. Microsoft.Playwright.TargetClosedException: Target page, context or browser has been closed
Browser logs:

╔════════════════════════════════════════════════════════════════════════════════════════════════╗
║ Looks like you launched a headed browser without having a XServer running.                     ║
║ Set either 'headless: true' or use 'xvfb-run &lt;your-playwright-app&gt;' before running Playwright. ║
║                                                                                                ║
║ &lt;3 Playwright Team                                                                             ║
╚════════════════════════════════════════════════════════════════════════════════════════════════╝
Call log:
  - &lt;launching&gt; /root/.cache/ms-playwright/chromium-1179/chrome-linux/chrome --disable-field-trial-config --disable-background-networking --disable-background-timer-throttling --disable-backgrounding-occluded-windows --disable-back-forward-cache --disable-breakpad --disable-client-side-phishing-detection --disable-component-extensions-with-background-pages --disable-component-update --no-default-browser-check --disable-default-apps --disable-dev-shm-usage --disable-extensions --disable-features=AcceptCHFrame,AutoExpandDetailsElement,AvoidUnnecessaryBeforeUnloadCheckSync,CertificateTransparencyComponentUpdater,DestroyProfileOnBrowserClose,DialMediaRouteProvider,ExtensionManifestV2Disabled,GlobalMediaControls,HttpsUpgrades,ImprovedCookieControls,LazyFrameLoading,LensOverlay,MediaRouter,PaintHolding,ThirdPartyStoragePartitioning,Translate --allow-pre-commit-input --disable-hang-monitor --disable-ipc-flooding-protection --disable-popup-blocking --disable-prompt-on-repost --disable-renderer-backgrounding --force-color-profile=srgb --metrics-recording-only --no-first-run --password-store=basic --use-mock-keychain --no-service-autorun --export-tagged-pdf --disable-search-engine-choice-screen --unsafely-disable-devtools-self-xss-warnings --enable-automation --no-sandbox --user-data-dir=/tmp/playwright_chromiumdev_profile-B5Nnmy --remote-debugging-pipe --no-startup-window
  - &lt;launched&gt; pid=103
  - [pid=103][err] [103:134:0713/145741.210151:ERROR:dbus/bus.cc:408] Failed to connect to the bus: Failed to connect to socket /run/dbus/system_bus_socket: No such file or directory
  - [pid=103][err] [103:103:0713/145741.211880:ERROR:ui/ozone/platform/x11/ozone_platform_x11.cc:249] Missing X server or $DISPLAY
  - [pid=103][err] [103:103:0713/145741.211921:ERROR:ui/aura/env.cc:257] The platform failed to initialize.  Exiting..
TestCleanup method TeamsTestProject.Tests.LoginTest.Teardown threw exception. System.NullReferenceException: Object reference not set to an instance of an object..</Message>
          <StackTrace>    at Microsoft.Playwright.Transport.Connection.InnerSendMessageToServerAsync[T](ChannelOwner object, String method, Dictionary`2 dictionary, Boolean keepNulls) in /_/src/Playwright/Transport/Connection.cs:line 201
   at Microsoft.Playwright.Transport.Connection.WrapApiCallAsync[T](Func`1 action, Boolean isInternal, String title) in /_/src/Playwright/Transport/Connection.cs:line 499
   at Microsoft.Playwright.Core.BrowserType.LaunchAsync(BrowserTypeLaunchOptions options) in /_/src/Playwright/Core/BrowserType.cs:line 56
   at TeamsTestProject.Base.BaseTest.Setup() in /app/Base/BaseTest.cs:line 20

TestCleanup Stack Trace
   at TeamsTestProject.Base.BaseTest.Teardown() in /app/Base/BaseTest.cs:line 59
</StackTrace>
        </ErrorInfo>
      </Output>
    </UnitTestResult>
  </Results>
  <TestDefinitions>
    <UnitTest name="FullChatFlowTest" storage="/app/bin/debug/net8.0/playwrighttests.dll" id="23c24238-ee0c-74b9-ff59-7b99dfa0c17b">
      <Execution id="67fe7de9-6306-4a90-967a-04a9f5ad45b1" />
      <TestMethod codeBase="/app/bin/Debug/net8.0/PlaywrightTests.dll" adapterTypeName="executor://mstestadapter/v2" className="TeamsTestProject.Tests.ChatTest" name="FullChatFlowTest" />
    </UnitTest>
    <UnitTest name="LoginToTeamsTest" storage="/app/bin/debug/net8.0/playwrighttests.dll" id="8b7de8ff-32ad-ded6-3f0c-ae2ca0b04a6a">
      <Execution id="e4240d42-ea4d-4fe0-8457-0467841a5f6f" />
      <TestMethod codeBase="/app/bin/Debug/net8.0/PlaywrightTests.dll" adapterTypeName="executor://mstestadapter/v2" className="TeamsTestProject.Tests.LoginTest" name="LoginToTeamsTest" />
    </UnitTest>
  </TestDefinitions>
  <TestEntries>
    <TestEntry testId="23c24238-ee0c-74b9-ff59-7b99dfa0c17b" executionId="67fe7de9-6306-4a90-967a-04a9f5ad45b1" testListId="8c84fa94-04c1-424b-9868-57a2d4851a1d" />
    <TestEntry testId="8b7de8ff-32ad-ded6-3f0c-ae2ca0b04a6a" executionId="e4240d42-ea4d-4fe0-8457-0467841a5f6f" testListId="8c84fa94-04c1-424b-9868-57a2d4851a1d" />
  </TestEntries>
  <TestLists>
    <TestList name="Results Not in a List" id="8c84fa94-04c1-424b-9868-57a2d4851a1d" />
    <TestList name="All Loaded Results" id="19431567-8539-422a-85d7-44ee4e166bda" />
  </TestLists>
  <ResultSummary outcome="Failed">
    <Counters total="2" executed="2" passed="0" failed="2" error="0" timeout="0" aborted="0" inconclusive="0" passedButRunAborted="0" notRunnable="0" notExecuted="0" disconnected="0" warning="0" completed="0" inProgress="0" pending="0" />
    <Output>
      <StdOut>Test Parallelization enabled for /app/bin/Debug/net8.0/PlaywrightTests.dll (Workers: 8, Scope: MethodLevel)
</StdOut>
    </Output>
  </ResultSummary>
</TestRun>